# JRE version: OpenJDK Runtime Environment (15.0.2+7) (build 15.0.2+7-27)
# Java VM: OpenJDK 64-Bit Server VM (15.0.2+7-27, mixed mode, tiered, compressed oops, g1 gc, windows-amd64)
GC Precious Log:
 CPUs: 8 total, 8 available
 Memory: 8068M
 Large Page Support: Disabled
 NUMA Support: Disabled
 Compressed Oops: Enabled (32-bit)
 Heap Region Size: 1M
 Heap Min Capacity: 8M
 Heap Initial Capacity: 128M
 Heap Max Capacity: 2018M
 Pre-touch: Disabled
 Parallel Workers: 8
 Concurrent Workers: 2
 Concurrent Refinement Workers: 8
 Periodic GC: Disabled
Heap:
 garbage-first heap   total 131072K, used 103968K [0x0000000081e00000, 0x0000000100000000)
  region size 1024K, 41 young (41984K), 4 survivors (4096K)
 Metaspace       used 19528K, capacity 19750K, committed 19968K, reserved 1067008K
  class space    used 1905K, capacity 1965K, committed 2048K, reserved 1048576K
GC Heap History (18 events):
Event: 0.556 GC heap before
{Heap before GC invocations=0 (full 0):
 garbage-first heap   total 131072K, used 25600K [0x0000000081e00000, 0x0000000100000000)
  region size 1024K, 23 young (23552K), 0 survivors (0K)
 Metaspace       used 14075K, capacity 14224K, committed 14336K, reserved 1062912K
  class space    used 1368K, capacity 1431K, committed 1536K, reserved 1048576K
}
Event: 0.560 GC heap after
{Heap after GC invocations=1 (full 0):
 garbage-first heap   total 131072K, used 6256K [0x0000000081e00000, 0x0000000100000000)
  region size 1024K, 3 young (3072K), 3 survivors (3072K)
 Metaspace       used 14075K, capacity 14224K, committed 14336K, reserved 1062912K
  class space    used 1368K, capacity 1431K, committed 1536K, reserved 1048576K
}
Event: 1.121 GC heap before
{Heap before GC invocations=1 (full 0):
 garbage-first heap   total 131072K, used 43120K [0x0000000081e00000, 0x0000000100000000)
  region size 1024K, 34 young (34816K), 3 survivors (3072K)
 Metaspace       used 17181K, capacity 17335K, committed 17408K, reserved 1064960K
  class space    used 1674K, capacity 1759K, committed 1792K, reserved 1048576K
}
Event: 1.126 GC heap after
{Heap after GC invocations=2 (full 0):
 garbage-first heap   total 131072K, used 13708K [0x0000000081e00000, 0x0000000100000000)
  region size 1024K, 3 young (3072K), 3 survivors (3072K)
 Metaspace       used 17181K, capacity 17335K, committed 17408K, reserved 1064960K
  class space    used 1674K, capacity 1759K, committed 1792K, reserved 1048576K
}
Event: 1.838 GC heap before
{Heap before GC invocations=2 (full 0):
 garbage-first heap   total 131072K, used 95628K [0x0000000081e00000, 0x0000000100000000)
  region size 1024K, 76 young (77824K), 3 survivors (3072K)
 Metaspace       used 17421K, capacity 17591K, committed 17664K, reserved 1064960K
  class space    used 1697K, capacity 1759K, committed 1792K, reserved 1048576K
}
Event: 1.841 GC heap after
{Heap after GC invocations=3 (full 0):
 garbage-first heap   total 131072K, used 21397K [0x0000000081e00000, 0x0000000100000000)
  region size 1024K, 3 young (3072K), 3 survivors (3072K)
 Metaspace       used 17421K, capacity 17591K, committed 17664K, reserved 1064960K
  class space    used 1697K, capacity 1759K, committed 1792K, reserved 1048576K
}
Event: 2.168 GC heap before
{Heap before GC invocations=3 (full 0):
 garbage-first heap   total 131072K, used 102293K [0x0000000081e00000, 0x0000000100000000)
  region size 1024K, 76 young (77824K), 3 survivors (3072K)
 Metaspace       used 18535K, capacity 18723K, committed 18944K, reserved 1067008K
  class space    used 1879K, capacity 1964K, committed 2048K, reserved 1048576K
}
Event: 2.170 GC heap after
{Heap after GC invocations=4 (full 0):
 garbage-first heap   total 131072K, used 28956K [0x0000000081e00000, 0x0000000100000000)
  region size 1024K, 5 young (5120K), 5 survivors (5120K)
 Metaspace       used 18535K, capacity 18723K, committed 18944K, reserved 1067008K
  class space    used 1879K, capacity 1964K, committed 2048K, reserved 1048576K
}
Event: 2.464 GC heap before
{Heap before GC invocations=4 (full 0):
 garbage-first heap   total 131072K, used 104732K [0x0000000081e00000, 0x0000000100000000)
  region size 1024K, 76 young (77824K), 5 survivors (5120K)
 Metaspace       used 18601K, capacity 18787K, committed 18944K, reserved 1067008K
  class space    used 1884K, capacity 1964K, committed 2048K, reserved 1048576K
}
Event: 2.467 GC heap after
{Heap after GC invocations=5 (full 0):
 garbage-first heap   total 131072K, used 33061K [0x0000000081e00000, 0x0000000100000000)
  region size 1024K, 6 young (6144K), 6 survivors (6144K)
 Metaspace       used 18601K, capacity 18787K, committed 18944K, reserved 1067008K
  class space    used 1884K, capacity 1964K, committed 2048K, reserved 1048576K
}
Event: 2.751 GC heap before
{Heap before GC invocations=5 (full 0):
 garbage-first heap   total 131072K, used 118053K [0x0000000081e00000, 0x0000000100000000)
  region size 1024K, 76 young (77824K), 6 survivors (6144K)
 Metaspace       used 18622K, capacity 18787K, committed 18944K, reserved 1067008K
  class space    used 1885K, capacity 1964K, committed 2048K, reserved 1048576K
}
Event: 2.754 GC heap after
{Heap after GC invocations=6 (full 0):
 garbage-first heap   total 131072K, used 47057K [0x0000000081e00000, 0x0000000100000000)
  region size 1024K, 6 young (6144K), 6 survivors (6144K)
 Metaspace       used 18622K, capacity 18787K, committed 18944K, reserved 1067008K
  class space    used 1885K, capacity 1964K, committed 2048K, reserved 1048576K
}
Event: 2.941 GC heap before
{Heap before GC invocations=6 (full 0):
 garbage-first heap   total 131072K, used 111569K [0x0000000081e00000, 0x0000000100000000)
  region size 1024K, 69 young (70656K), 6 survivors (6144K)
 Metaspace       used 18625K, capacity 18787K, committed 18944K, reserved 1067008K
  class space    used 1885K, capacity 1964K, committed 2048K, reserved 1048576K
}
Event: 2.944 GC heap after
{Heap after GC invocations=7 (full 0):
 garbage-first heap   total 131072K, used 46663K [0x0000000081e00000, 0x0000000100000000)
  region size 1024K, 4 young (4096K), 4 survivors (4096K)
 Metaspace       used 18625K, capacity 18787K, committed 18944K, reserved 1067008K
  class space    used 1885K, capacity 1964K, committed 2048K, reserved 1048576K
}
Event: 3.141 GC heap before
{Heap before GC invocations=7 (full 0):
 garbage-first heap   total 131072K, used 122439K [0x0000000081e00000, 0x0000000100000000)
  region size 1024K, 67 young (68608K), 4 survivors (4096K)
 Metaspace       used 18659K, capacity 18851K, committed 18944K, reserved 1067008K
  class space    used 1887K, capacity 1964K, committed 2048K, reserved 1048576K
}
Event: 3.142 GC heap after
{Heap after GC invocations=8 (full 0):
 garbage-first heap   total 131072K, used 58048K [0x0000000081e00000, 0x0000000100000000)
  region size 1024K, 4 young (4096K), 4 survivors (4096K)
 Metaspace       used 18659K, capacity 18851K, committed 18944K, reserved 1067008K
  class space    used 1887K, capacity 1964K, committed 2048K, reserved 1048576K
}
Event: 3.260 GC heap before
{Heap before GC invocations=8 (full 0):
 garbage-first heap   total 131072K, used 87744K [0x0000000081e00000, 0x0000000100000000)
  region size 1024K, 32 young (32768K), 4 survivors (4096K)
 Metaspace       used 18752K, capacity 18979K, committed 19200K, reserved 1067008K
  class space    used 1893K, capacity 1964K, committed 2048K, reserved 1048576K
}
Event: 3.261 GC heap after
{Heap after GC invocations=9 (full 0):
 garbage-first heap   total 131072K, used 59936K [0x0000000081e00000, 0x0000000100000000)
  region size 1024K, 4 young (4096K), 4 survivors (4096K)
 Metaspace       used 18752K, capacity 18979K, committed 19200K, reserved 1067008K
  class space    used 1893K, capacity 1964K, committed 2048K, reserved 1048576K
}

